<?xml version="1.0" encoding="UTF-8"?>
<!-- Generated by org.testng.reporters.JUnitReportReporter -->
<testsuite skipped="0" hostname="LAPTOP-0OMSJ8N4" name="com.testng.training.TestParameters" tests="2" failures="0" timestamp="2020-04-19T15:51:45 IST" time="0.004" errors="0">
  <testcase name="Sampleclass1Meth2" time="0.002" classname="com.testng.training.TestParameters"/>
  <testcase name="tc1" time="0.002" classname="com.testng.training.TestParameters"/>
</testsuite> <!-- com.testng.training.TestParameters -->
