<?xml version="1.0" encoding="UTF-8"?>
<!-- Generated by org.testng.reporters.JUnitReportReporter -->
<testsuite skipped="0" hostname="LAPTOP-0OMSJ8N4" name="com.testing.dataprovider.DataProviderIntegrationExample" tests="1" failures="0" timestamp="2020-04-28T19:24:49 IST" time="0.002" errors="0">
  <testcase name="integrationTest" time="0.002" classname="com.testing.dataprovider.DataProviderIntegrationExample"/>
</testsuite> <!-- com.testing.dataprovider.DataProviderIntegrationExample -->
