<?xml version="1.0" encoding="UTF-8"?>
<!-- Generated by org.testng.reporters.JUnitReportReporter -->
<testsuite skipped="0" hostname="LAPTOP-0OMSJ8N4" name="com.selenium.masterpart2.HandleMouseHover" tests="1" failures="0" timestamp="2020-04-22T10:43:52 IST" time="17.883" errors="0">
  <testcase name="handleMOusehover" time="17.883" classname="com.selenium.masterpart2.HandleMouseHover"/>
</testsuite> <!-- com.selenium.masterpart2.HandleMouseHover -->
