<?xml version="1.0" encoding="UTF-8"?>
<!-- Generated by org.testng.reporters.JUnitReportReporter -->
<testsuite skipped="0" hostname="LAPTOP-0OMSJ8N4" name="com.project.playzerpot.addMoneyToPlayzerpot" tests="2" failures="0" timestamp="2021-07-31T22:46:34 IST" time="89.286" errors="0">
  <testcase name="addMoneyToAccount" time="86.887" classname="com.project.playzerpot.addMoneyToPlayzerpot"/>
  <testcase name="logoutFromAccount" time="2.399" classname="com.project.playzerpot.addMoneyToPlayzerpot"/>
</testsuite> <!-- com.project.playzerpot.addMoneyToPlayzerpot -->
