<?xml version="1.0" encoding="UTF-8"?>
<!-- Generated by org.testng.reporters.JUnitReportReporter -->
<testsuite skipped="0" hostname="LAPTOP-0OMSJ8N4" name="com.selenium.masterpart2.Alert" tests="1" failures="0" timestamp="2020-04-21T17:56:19 IST" time="17.412" errors="0">
  <testcase name="alt" time="17.412" classname="com.selenium.masterpart2.Alert"/>
</testsuite> <!-- com.selenium.masterpart2.Alert -->
