<?xml version="1.0" encoding="UTF-8"?>
<!-- Generated by org.testng.reporters.JUnitReportReporter -->
<testsuite skipped="0" hostname="LAPTOP-0OMSJ8N4" name="com.selenium.masterpart2.SelectDropdown" tests="1" failures="0" timestamp="2020-04-24T16:26:47 IST" time="18.646" errors="0">
  <testcase name="handleFacebook" time="18.646" classname="com.selenium.masterpart2.SelectDropdown"/>
</testsuite> <!-- com.selenium.masterpart2.SelectDropdown -->
