<?xml version="1.0" encoding="UTF-8"?>
<!-- Generated by org.testng.reporters.JUnitReportReporter -->
<testsuite skipped="0" hostname="LAPTOP-0OMSJ8N4" name="com.live.project.LoginRediff" tests="1" failures="0" timestamp="2020-04-23T17:52:11 IST" time="11.180" errors="0">
  <testcase name="redifflog" time="11.180" classname="com.live.project.LoginRediff"/>
</testsuite> <!-- com.live.project.LoginRediff -->
