<?xml version="1.0" encoding="UTF-8"?>
<!-- Generated by org.testng.reporters.JUnitReportReporter -->
<testsuite skipped="0" hostname="LAPTOP-0OMSJ8N4" name="com.live.project.AddDeleteStockInPortfolio" tests="2" failures="0" timestamp="2020-05-07T11:05:06 IST" time="65.108" errors="0">
  <testcase name="deleteStock" time="2.421" classname="com.live.project.AddDeleteStockInPortfolio"/>
  <testcase name="addStockTest" time="62.687" classname="com.live.project.AddDeleteStockInPortfolio"/>
</testsuite> <!-- com.live.project.AddDeleteStockInPortfolio -->
