<?xml version="1.0" encoding="UTF-8"?>
<!-- Generated by org.testng.reporters.JUnitReportReporter -->
<testsuite skipped="0" hostname="LAPTOP-0OMSJ8N4" name="com.selenium.masterpart2.ManageJavscriptExecutor" tests="1" failures="0" timestamp="2020-04-22T18:08:43 IST" time="13.281" errors="0">
  <testcase name="AutoSugg" time="13.281" classname="com.selenium.masterpart2.ManageJavscriptExecutor"/>
</testsuite> <!-- com.selenium.masterpart2.ManageJavscriptExecutor -->
