<?xml version="1.0" encoding="UTF-8"?>
<!-- Generated by org.testng.reporters.JUnitReportReporter -->
<testsuite skipped="0" hostname="LAPTOP-0OMSJ8N4" name="com.selenium.masterpart2.Redbus" tests="1" failures="0" timestamp="2020-04-25T14:14:54 IST" time="45.834" errors="0">
  <testcase name="datepick" time="45.834" classname="com.selenium.masterpart2.Redbus"/>
</testsuite> <!-- com.selenium.masterpart2.Redbus -->
