<?xml version="1.0" encoding="UTF-8"?>
<!-- Generated by org.testng.reporters.JUnitReportReporter -->
<testsuite skipped="0" hostname="LAPTOP-0OMSJ8N4" name="com.selenium.masterpart2.CreatePortfolio" tests="3" failures="0" timestamp="2020-04-24T18:09:50 IST" time="9.301" errors="0">
  <testcase name="testCreatePortfolio" time="6.759" classname="com.selenium.masterpart2.CreatePortfolio"/>
  <testcase name="testportfolioVerification" time="2.442" classname="com.selenium.masterpart2.CreatePortfolio"/>
  <testcase name="testDeletePortfolio" time="0.100" classname="com.selenium.masterpart2.CreatePortfolio"/>
</testsuite> <!-- com.selenium.masterpart2.CreatePortfolio -->
