<?xml version="1.0" encoding="UTF-8"?>
<!-- Generated by org.testng.reporters.JUnitReportReporter -->
<testsuite skipped="0" hostname="LAPTOP-0OMSJ8N4" name="com.testing.dataprovider.DataProviderParameterExample" tests="3" failures="0" timestamp="2020-04-28T19:24:49 IST" time="0.017" errors="0">
  <testcase name="scenario1" time="0.002" classname="com.testing.dataprovider.DataProviderParameterExample"/>
  <testcase name="Commonscenario" time="0.012" classname="com.testing.dataprovider.DataProviderParameterExample"/>
  <testcase name="scenario2" time="0.003" classname="com.testing.dataprovider.DataProviderParameterExample"/>
</testsuite> <!-- com.testing.dataprovider.DataProviderParameterExample -->
