<?xml version="1.0" encoding="UTF-8"?>
<!-- Generated by org.testng.reporters.JUnitReportReporter -->
<testsuite skipped="0" hostname="LAPTOP-0OMSJ8N4" name="com.testng.testparameter.Testparameterexample" tests="2" failures="0" timestamp="2020-04-15T09:29:51 IST" time="0.011" errors="0">
  <testcase name="testaddition" time="0.001" classname="com.testng.testparameter.Testparameterexample"/>
  <testcase name="testaddition" time="0.010" classname="com.testng.testparameter.Testparameterexample"/>
</testsuite> <!-- com.testng.testparameter.Testparameterexample -->
