<?xml version="1.0" encoding="UTF-8"?>
<!-- Generated by org.testng.reporters.JUnitReportReporter -->
<testsuite skipped="0" hostname="LAPTOP-0OMSJ8N4" name="com.testng.training.PriorityExample" tests="4" failures="0" timestamp="2020-04-11T12:34:54 IST" time="0.012" errors="0">
  <testcase name="Test1" time="0.008" classname="com.testng.training.PriorityExample"/>
  <testcase name="Test2" time="0.002" classname="com.testng.training.PriorityExample"/>
  <testcase name="Test4" time="0.001" classname="com.testng.training.PriorityExample"/>
  <testcase name="Test3" time="0.001" classname="com.testng.training.PriorityExample"/>
</testsuite> <!-- com.testng.training.PriorityExample -->
