<?xml version="1.0" encoding="UTF-8"?>
<!-- Generated by org.testng.reporters.JUnitReportReporter -->
<testsuite skipped="0" hostname="LAPTOP-0OMSJ8N4" name="com.selenium.masterpart2.Handlewebtable" tests="1" failures="0" timestamp="2020-04-22T16:13:18 IST" time="10.485" errors="0">
  <testcase name="webtable" time="10.485" classname="com.selenium.masterpart2.Handlewebtable"/>
</testsuite> <!-- com.selenium.masterpart2.Handlewebtable -->
