<?xml version="1.0" encoding="UTF-8"?>
<!-- Generated by org.testng.reporters.JUnitReportReporter -->
<testsuite skipped="0" hostname="LAPTOP-0OMSJ8N4" name="com.testing.dataprovider.DataProviderAcceptanceExample" tests="1" failures="0" timestamp="2020-04-28T19:24:49 IST" time="0.001" errors="0">
  <testcase name="acceptanceTest" time="0.001" classname="com.testing.dataprovider.DataProviderAcceptanceExample"/>
</testsuite> <!-- com.testing.dataprovider.DataProviderAcceptanceExample -->
