<?xml version="1.0" encoding="UTF-8"?>
<!-- Generated by org.testng.reporters.JUnitReportReporter -->
<testsuite skipped="0" hostname="LAPTOP-0OMSJ8N4" name="SampleTest" tests="2" failures="0" timestamp="2020-04-10T23:56:59 IST" time="0.004" errors="0">
  <testcase name="aftersuiteMethod" time="0.001" classname="SampleTest"/>
  <testcase name="beforeSuitMethod" time="0.003" classname="SampleTest"/>
</testsuite> <!-- SampleTest -->
