<?xml version="1.0" encoding="UTF-8"?>
<!-- Generated by org.testng.reporters.JUnitReportReporter -->
<testsuite skipped="0" hostname="LAPTOP-0OMSJ8N4" name="com.testng.training.SampleCLass2" tests="2" failures="0" timestamp="2020-04-10T23:56:59 IST" time="0.003" errors="0">
  <testcase name="Sampleclass2Meth2" time="0.002" classname="com.testng.training.SampleCLass2"/>
  <testcase name="Sampleclass2Meth1" time="0.001" classname="com.testng.training.SampleCLass2"/>
</testsuite> <!-- com.testng.training.SampleCLass2 -->
