<?xml version="1.0" encoding="UTF-8"?>
<!-- Generated by org.testng.reporters.JUnitReportReporter -->
<testsuite skipped="0" hostname="LAPTOP-0OMSJ8N4" name="com.selenium.masterpart2.AutoSuggest" tests="1" failures="0" timestamp="2020-04-22T16:44:14 IST" time="10.527" errors="0">
  <testcase name="AutoSugg" time="10.527" classname="com.selenium.masterpart2.AutoSuggest"/>
</testsuite> <!-- com.selenium.masterpart2.AutoSuggest -->
