<?xml version="1.0" encoding="UTF-8"?>
<!-- Generated by org.testng.reporters.JUnitReportReporter -->
<testsuite skipped="0" hostname="LAPTOP-0OMSJ8N4" name="com.testng.training.TestcaseGrouping" tests="2" failures="0" timestamp="2020-04-11T23:51:23 IST" time="0.010" errors="0">
  <testcase name="Test2" time="0.001" classname="com.testng.training.TestcaseGrouping"/>
  <testcase name="Test1" time="0.009" classname="com.testng.training.TestcaseGrouping"/>
</testsuite> <!-- com.testng.training.TestcaseGrouping -->
