<?xml version="1.0" encoding="UTF-8"?>
<!-- Generated by org.testng.reporters.JUnitReportReporter -->
<testsuite skipped="0" hostname="LAPTOP-0OMSJ8N4" name="com.selenium.masterpart2.multiselectDrpdwn" tests="1" failures="0" timestamp="2021-06-02T16:09:59 IST" time="31.567" errors="0">
  <testcase name="multi" time="31.567" classname="com.selenium.masterpart2.multiselectDrpdwn"/>
</testsuite> <!-- com.selenium.masterpart2.multiselectDrpdwn -->
