<?xml version="1.0" encoding="UTF-8"?>
<!-- Generated by org.testng.reporters.JUnitReportReporter -->
<testsuite skipped="0" hostname="LAPTOP-0OMSJ8N4" name="com.selenium.masterpart2.FileUpload" tests="1" failures="0" timestamp="2020-04-22T18:58:00 IST" time="25.274" errors="0">
  <testcase name="upload" time="25.274" classname="com.selenium.masterpart2.FileUpload"/>
</testsuite> <!-- com.selenium.masterpart2.FileUpload -->
