<?xml version="1.0" encoding="UTF-8"?>
<!-- Generated by org.testng.reporters.JUnitReportReporter -->
<testsuite skipped="0" hostname="LAPTOP-0OMSJ8N4" name="FacebookProfileTest" tests="2" failures="0" timestamp="2020-04-10T23:56:59 IST" time="0.005" errors="0">
  <testcase name="checkprofilelogo" time="0.003" classname="FacebookProfileTest"/>
  <testcase name="checkprofilelink" time="0.002" classname="FacebookProfileTest"/>
</testsuite> <!-- FacebookProfileTest -->
