<?xml version="1.0" encoding="UTF-8"?>
<!-- Generated by org.testng.reporters.JUnitReportReporter -->
<testsuite skipped="0" hostname="LAPTOP-0OMSJ8N4" name="executionorder.AnnotationTest" tests="1" failures="0" timestamp="2020-04-19T15:51:45 IST" time="0.006" errors="0">
  <testcase name="first" time="0.006" classname="executionorder.AnnotationTest"/>
</testsuite> <!-- executionorder.AnnotationTest -->
