<?xml version="1.0" encoding="UTF-8"?>
<!-- Generated by org.testng.reporters.JUnitReportReporter -->
<testsuite skipped="0" hostname="LAPTOP-0OMSJ8N4" name="com.selenium.masterpart2.HandleDragandDrop" tests="1" failures="0" timestamp="2021-05-30T21:51:11 IST" time="16.533" errors="0">
  <testcase name="dragDrop1" time="16.533" classname="com.selenium.masterpart2.HandleDragandDrop"/>
</testsuite> <!-- com.selenium.masterpart2.HandleDragandDrop -->
