<?xml version="1.0" encoding="UTF-8"?>
<!-- Generated by org.testng.reporters.JUnitReportReporter -->
<testsuite skipped="0" hostname="LAPTOP-0OMSJ8N4" name="FacebookLogin" tests="2" failures="0" timestamp="2020-04-10T23:56:59 IST" time="0.010" errors="0">
  <testcase name="loginwithValidCrdentials" time="0.004" classname="FacebookLogin"/>
  <testcase name="loginwithInvalidCrdentials" time="0.006" classname="FacebookLogin"/>
</testsuite> <!-- FacebookLogin -->
