<?xml version="1.0" encoding="UTF-8"?>
<!-- Generated by org.testng.reporters.JUnitReportReporter -->
<testsuite skipped="0" hostname="LAPTOP-0OMSJ8N4" name="testNGpractice.RediffMailTest" tests="2" failures="0" timestamp="14 Aug 2021 18:16:50 GMT" time="0.103" errors="0">
  <testcase name="pageTitleTest" time="0.090" classname="testNGpractice.RediffMailTest"/>
  <testcase name="pageURLTest" time="0.013" classname="testNGpractice.RediffMailTest"/>
</testsuite> <!-- testNGpractice.RediffMailTest -->
