<?xml version="1.0" encoding="UTF-8"?>
<!-- Generated by org.testng.reporters.JUnitReportReporter -->
<testsuite skipped="0" hostname="LAPTOP-0OMSJ8N4" name="testNGpractice.loginPagetest" tests="5" failures="0" timestamp="15 Aug 2021 12:53:28 GMT" time="12.146" errors="0">
  <testcase name="login_NegativeTest" time="2.471" classname="testNGpractice.loginPagetest"/>
  <testcase name="login_NegativeTest" time="2.517" classname="testNGpractice.loginPagetest"/>
  <testcase name="login_NegativeTest" time="2.338" classname="testNGpractice.loginPagetest"/>
  <testcase name="login_NegativeTest" time="2.490" classname="testNGpractice.loginPagetest"/>
  <testcase name="login_NegativeTest" time="2.330" classname="testNGpractice.loginPagetest"/>
</testsuite> <!-- testNGpractice.loginPagetest -->
