<?xml version="1.0" encoding="UTF-8"?>
<!-- Generated by org.testng.reporters.JUnitReportReporter -->
<testsuite skipped="0" hostname="LAPTOP-0OMSJ8N4" name="testNGpractice.AmazonTestt" tests="3" failures="0" timestamp="14 Aug 2021 18:16:50 GMT" time="0.234" errors="0">
  <testcase name="pageTitleTest" time="0.098" classname="testNGpractice.AmazonTestt"/>
  <testcase name="searchboxTest" time="0.124" classname="testNGpractice.AmazonTestt"/>
  <testcase name="pageURLTest" time="0.012" classname="testNGpractice.AmazonTestt"/>
</testsuite> <!-- testNGpractice.AmazonTestt -->
