<?xml version="1.0" encoding="UTF-8"?>
<!-- Generated by org.testng.reporters.JUnitReportReporter -->
<testsuite skipped="0" hostname="LAPTOP-0OMSJ8N4" name="testNGpractice.Invocation" tests="10" failures="0" timestamp="14 Aug 2021 09:37:01 GMT" time="0.035" errors="0">
  <testcase name="homePageTest" time="0.021" classname="testNGpractice.Invocation"/>
  <testcase name="homePageTest" time="0.002" classname="testNGpractice.Invocation"/>
  <testcase name="homePageTest" time="0.002" classname="testNGpractice.Invocation"/>
  <testcase name="homePageTest" time="0.002" classname="testNGpractice.Invocation"/>
  <testcase name="homePageTest" time="0.001" classname="testNGpractice.Invocation"/>
  <testcase name="homePageTest" time="0.001" classname="testNGpractice.Invocation"/>
  <testcase name="homePageTest" time="0.002" classname="testNGpractice.Invocation"/>
  <testcase name="homePageTest" time="0.002" classname="testNGpractice.Invocation"/>
  <testcase name="homePageTest" time="0.001" classname="testNGpractice.Invocation"/>
  <testcase name="homePageTest" time="0.001" classname="testNGpractice.Invocation"/>
</testsuite> <!-- testNGpractice.Invocation -->
