<?xml version="1.0" encoding="UTF-8"?>
<!-- Generated by org.testng.reporters.JUnitReportReporter -->
<testsuite skipped="0" hostname="LAPTOP-0OMSJ8N4" name="testNGpractice.expectedExcep" tests="1" failures="0" timestamp="14 Aug 2021 09:33:31 GMT" time="0.017" errors="0">
  <testcase name="homePageTest" time="0.017" classname="testNGpractice.expectedExcep"/>
</testsuite> <!-- testNGpractice.expectedExcep -->
