<?xml version="1.0" encoding="UTF-8"?>
<!-- Generated by org.testng.reporters.JUnitReportReporter -->
<testsuite skipped="0" hostname="LAPTOP-0OMSJ8N4" name="testNGpractice.AmazonBeforeMethod" tests="3" failures="0" timestamp="14 Aug 2021 04:41:03 GMT" time="41.671" errors="0">
  <testcase name="pageTitleTest" time="13.572" classname="testNGpractice.AmazonBeforeMethod"/>
  <testcase name="searchboxTest" time="13.579" classname="testNGpractice.AmazonBeforeMethod"/>
  <testcase name="pageURLTest" time="14.520" classname="testNGpractice.AmazonBeforeMethod"/>
</testsuite> <!-- testNGpractice.AmazonBeforeMethod -->
