<?xml version="1.0" encoding="UTF-8"?>
<!-- Generated by org.testng.reporters.JUnitReportReporter -->
<testsuite skipped="0" hostname="LAPTOP-0OMSJ8N4" name="testNGpractice.Priority" tests="5" failures="0" timestamp="14 Aug 2021 08:36:01 GMT" time="0.027" errors="0">
  <testcase name="e_test" time="0.003" classname="testNGpractice.Priority"/>
  <testcase name="c_test" time="0.002" classname="testNGpractice.Priority"/>
  <testcase name="d_test" time="0.001" classname="testNGpractice.Priority"/>
  <testcase name="a_test" time="0.018" classname="testNGpractice.Priority"/>
  <testcase name="b_test" time="0.003" classname="testNGpractice.Priority"/>
</testsuite> <!-- testNGpractice.Priority -->
