<?xml version="1.0" encoding="UTF-8"?>
<!-- Generated by org.testng.reporters.JUnitReportReporter -->
<testsuite skipped="0" hostname="LAPTOP-0OMSJ8N4" name="testNGpractice.TestNGBasics" tests="3" failures="0" timestamp="13 Aug 2021 18:11:22 GMT" time="0.016" errors="0">
  <testcase name="btest" time="0.005" classname="testNGpractice.TestNGBasics"/>
  <testcase name="atest" time="0.008" classname="testNGpractice.TestNGBasics"/>
  <testcase name="ctest" time="0.003" classname="testNGpractice.TestNGBasics"/>
</testsuite> <!-- testNGpractice.TestNGBasics -->
