<?xml version="1.0" encoding="UTF-8"?>
<!-- Generated by org.testng.reporters.JUnitReportReporter -->
<testsuite skipped="0" hostname="LAPTOP-0OMSJ8N4" name="com.qa.democart.tests.LoginPageTest" tests="4" failures="0" timestamp="28 Aug 2021 04:50:53 GMT" time="10.915" errors="0">
  <testcase name="loginPageTitletest" time="0.064" classname="com.qa.democart.tests.LoginPageTest"/>
  <testcase name="loginPageHeaderTest" time="1.627" classname="com.qa.democart.tests.LoginPageTest"/>
  <testcase name="forgotPwdLink" time="1.537" classname="com.qa.democart.tests.LoginPageTest"/>
  <testcase name="loginTest" time="7.687" classname="com.qa.democart.tests.LoginPageTest"/>
</testsuite> <!-- com.qa.democart.tests.LoginPageTest -->
