<?xml version="1.0" encoding="UTF-8"?>
<!-- Generated by org.testng.reporters.JUnitReportReporter -->
<testsuite skipped="0" hostname="LAPTOP-0OMSJ8N4" name="com.qa.democart.tests.ProductInfoTest" tests="2" failures="0" timestamp="22 Aug 2021 12:12:38 GMT" time="12.755" errors="0">
  <testcase name="productImagesTest" time="8.158" classname="com.qa.democart.tests.ProductInfoTest"/>
  <testcase name="productInfotest" time="4.597" classname="com.qa.democart.tests.ProductInfoTest"/>
</testsuite> <!-- com.qa.democart.tests.ProductInfoTest -->
