<?xml version="1.0" encoding="UTF-8"?>
<!-- Generated by org.testng.reporters.JUnitReportReporter -->
<testsuite skipped="0" hostname="LAPTOP-0OMSJ8N4" name="com.qa.democart.tests.AccountsPageTest" tests="8" failures="0" timestamp="22 Aug 2021 10:47:55 GMT" time="22.245" errors="0">
  <testcase name="doverifyHeader" time="0.111" classname="com.qa.democart.tests.AccountsPageTest"/>
  <testcase name="doverifyaccountSec" time="0.195" classname="com.qa.democart.tests.AccountsPageTest"/>
  <testcase name="doVerifysearch" time="2.290" classname="com.qa.democart.tests.AccountsPageTest"/>
  <testcase name="doVerifysearch" time="2.077" classname="com.qa.democart.tests.AccountsPageTest"/>
  <testcase name="doVerifysearch" time="1.991" classname="com.qa.democart.tests.AccountsPageTest"/>
  <testcase name="selectProduct" time="4.525" classname="com.qa.democart.tests.AccountsPageTest"/>
  <testcase name="selectProduct" time="6.325" classname="com.qa.democart.tests.AccountsPageTest"/>
  <testcase name="selectProduct" time="4.731" classname="com.qa.democart.tests.AccountsPageTest"/>
</testsuite> <!-- com.qa.democart.tests.AccountsPageTest -->
