<?xml version="1.0" encoding="UTF-8"?>
<!-- Generated by org.testng.reporters.JUnitReportReporter -->
<testsuite skipped="0" hostname="LAPTOP-0OMSJ8N4" name="com.qa.democart.tests.RegistrationPageTest" tests="3" failures="0" timestamp="04 Sep 2021 03:07:59 GMT" time="264.941" errors="0">
  <testcase name="registrationTest" time="89.294" classname="com.qa.democart.tests.RegistrationPageTest"/>
  <testcase name="registrationTest" time="87.429" classname="com.qa.democart.tests.RegistrationPageTest"/>
  <testcase name="registrationTest" time="88.218" classname="com.qa.democart.tests.RegistrationPageTest"/>
</testsuite> <!-- com.qa.democart.tests.RegistrationPageTest -->
