<?xml version="1.0" encoding="UTF-8"?>
<!-- Generated by org.testng.reporters.JUnitReportReporter -->
<testsuite skipped="0" hostname="LAPTOP-0OMSJ8N4" name="com.datadriven.framework.test.LoginPage.loginTest" tests="2" failures="0" timestamp="2020-08-01T16:53:06 IST" time="26.291" errors="0">
  <testcase name="testone" time="16.277" classname="com.datadriven.framework.test.LoginPage.loginTest"/>
  <testcase name="testtwo" time="10.014" classname="com.datadriven.framework.test.LoginPage.loginTest"/>
</testsuite> <!-- com.datadriven.framework.test.LoginPage.loginTest -->
